<?xml version="1.0" encoding="UTF-8"?>
<!-- Generated by org.testng.reporters.JUnitXMLReporter -->
<testsuite hostname="DESKTOP-HFBOBCV" ignored="2" tests="3" failures="0" timestamp="2020-04-01T11:45:13 PDT" time="7.105" errors="0">
  <testcase name="test3" time="4.509" classname="RestAssuredTest"/>
  <testcase name="test4" time="0.685" classname="RestAssuredTest"/>
  <testcase name="test5" time="0.447" classname="RestAssuredTest"/>
  <testcase name="test1" time="0.0" classname="RestAssuredTest">
    <ignored/>
  </testcase> <!-- test1 -->
  <testcase name="test2" time="0.0" classname="RestAssuredTest">
    <ignored/>
  </testcase> <!-- test2 -->
</testsuite>
